<?xml version="1.0" encoding="UTF-8"?>
<testsuite name="com.example.studioVogue.StudioVogueApplicationTests" tests="1" skipped="0" failures="0" errors="0" timestamp="2024-01-15T05:07:57" hostname="inspiron-3542" time="0.966">
  <properties/>
  <testcase name="contextLoads()" classname="com.example.studioVogue.StudioVogueApplicationTests" time="0.966"/>
  <system-out><![CDATA[Standard Commons Logging discovery in action with spring-jcl: please remove commons-logging.jar from classpath in order to avoid potential conflicts
10:37:43.700 [Test worker] INFO org.springframework.test.context.support.AnnotationConfigContextLoaderUtils -- Could not detect default configuration classes for test class [com.example.studioVogue.StudioVogueApplicationTests]: StudioVogueApplicationTests does not declare any static, non-private, non-final, nested classes annotated with @Configuration.
10:37:43.948 [Test worker] INFO org.springframework.boot.test.context.SpringBootTestContextBootstrapper -- Found @SpringBootConfiguration com.example.studioVogue.StudioVogueApplication for test class com.example.studioVogue.StudioVogueApplicationTests

  .   ____          _            __ _ _
 /\\ / ___'_ __ _ _(_)_ __  __ _ \ \ \ \
( ( )\___ | '_ | '_| | '_ \/ _` | \ \ \ \
 \\/  ___)| |_)| | | | | || (_| |  ) ) ) )
  '  |____| .__|_| |_|_| |_\__, | / / / /
 =========|_|==============|___/=/_/_/_/
 :: Spring Boot ::                (v3.2.1)

2024-01-15T10:37:45.224+05:30  INFO 8519 --- [    Test worker] c.e.s.StudioVogueApplicationTests        : Starting StudioVogueApplicationTests using Java 17.0.9 with PID 8519 (started by kannan in /home/kannan/Desktop/StudioVogue/studioVoguebff)
2024-01-15T10:37:45.228+05:30  INFO 8519 --- [    Test worker] c.e.s.StudioVogueApplicationTests        : No active profile set, falling back to 1 default profile: "default"
2024-01-15T10:37:46.874+05:30  INFO 8519 --- [    Test worker] .s.d.r.c.RepositoryConfigurationDelegate : Bootstrapping Spring Data JPA repositories in DEFAULT mode.
2024-01-15T10:37:46.967+05:30  INFO 8519 --- [    Test worker] .s.d.r.c.RepositoryConfigurationDelegate : Finished Spring Data repository scanning in 81 ms. Found 1 JPA repository interface.
2024-01-15T10:37:48.112+05:30  INFO 8519 --- [    Test worker] com.zaxxer.hikari.HikariDataSource       : HikariPool-1 - Starting...
2024-01-15T10:37:51.751+05:30  INFO 8519 --- [    Test worker] com.zaxxer.hikari.pool.HikariPool        : HikariPool-1 - Added connection org.postgresql.jdbc.PgConnection@67afe909
2024-01-15T10:37:51.754+05:30  INFO 8519 --- [    Test worker] com.zaxxer.hikari.HikariDataSource       : HikariPool-1 - Start completed.
2024-01-15T10:37:51.844+05:30  INFO 8519 --- [    Test worker] o.hibernate.jpa.internal.util.LogHelper  : HHH000204: Processing PersistenceUnitInfo [name: default]
2024-01-15T10:37:51.930+05:30  INFO 8519 --- [    Test worker] org.hibernate.Version                    : HHH000412: Hibernate ORM core version 6.4.1.Final
2024-01-15T10:37:51.987+05:30  INFO 8519 --- [    Test worker] o.h.c.internal.RegionFactoryInitiator    : HHH000026: Second-level cache disabled
2024-01-15T10:37:52.485+05:30  INFO 8519 --- [    Test worker] o.s.o.j.p.SpringPersistenceUnitInfo      : No LoadTimeWeaver setup: ignoring JPA class transformer
2024-01-15T10:37:52.896+05:30  WARN 8519 --- [    Test worker] org.hibernate.orm.deprecation            : HHH90000025: PostgreSQLDialect does not need to be specified explicitly using 'hibernate.dialect' (remove the property setting and it will be selected by default)
2024-01-15T10:37:54.269+05:30  INFO 8519 --- [    Test worker] o.h.e.t.j.p.i.JtaPlatformInitiator       : HHH000489: No JTA platform available (set 'hibernate.transaction.jta.platform' to enable JTA platform integration)
2024-01-15T10:37:54.275+05:30  INFO 8519 --- [    Test worker] j.LocalContainerEntityManagerFactoryBean : Initialized JPA EntityManagerFactory for persistence unit 'default'
2024-01-15T10:37:54.804+05:30  WARN 8519 --- [    Test worker] JpaBaseConfiguration$JpaWebConfiguration : spring.jpa.open-in-view is enabled by default. Therefore, database queries may be performed during view rendering. Explicitly configure spring.jpa.open-in-view to disable this warning
2024-01-15T10:37:57.280+05:30  INFO 8519 --- [    Test worker] o.s.b.a.e.web.EndpointLinksResolver      : Exposing 1 endpoint(s) beneath base path '/actuator'
2024-01-15T10:37:57.449+05:30  INFO 8519 --- [    Test worker] c.e.s.StudioVogueApplicationTests        : Started StudioVogueApplicationTests in 13.053 seconds (process running for 16.12)
]]></system-out>
  <system-err><![CDATA[]]></system-err>
</testsuite>
